<?xml version="1.0" encoding="UTF-8"?>
<testng-results skipped="0" failed="0" total="5" passed="5">
  <reporter-output>
  </reporter-output>
  <suite name="Default suite" duration-ms="6015" started-at="2016-02-23T04:51:58Z" finished-at="2016-02-23T04:52:04Z">
    <groups>
    </groups>
    <test name="Default test" duration-ms="6015" started-at="2016-02-23T04:51:58Z" finished-at="2016-02-23T04:52:04Z">
      <class name="loginFunctionality.loginEndToEnd">
        <test-method status="PASS" signature="setApplication()[pri:0, instance:loginFunctionality.loginEndToEnd@17c68925]" name="setApplication" is-config="true" duration-ms="3908" started-at="2016-02-22T23:51:58Z" finished-at="2016-02-22T23:52:02Z">
          <reporter-output>
          </reporter-output>
        </test-method> <!-- setApplication -->
        <test-method status="PASS" signature="getName()[pri:0, instance:loginFunctionality.loginEndToEnd@17c68925]" name="getName" duration-ms="25" started-at="2016-02-22T23:52:02Z" finished-at="2016-02-22T23:52:02Z">
          <reporter-output>
          </reporter-output>
        </test-method> <!-- getName -->
        <test-method status="PASS" signature="verifyErrorMessage()[pri:0, instance:loginFunctionality.loginEndToEnd@17c68925]" name="verifyErrorMessage" duration-ms="339" started-at="2016-02-22T23:52:02Z" finished-at="2016-02-22T23:52:02Z">
          <reporter-output>
          </reporter-output>
        </test-method> <!-- verifyErrorMessage -->
        <test-method status="PASS" signature="checkButton()[pri:1, instance:loginFunctionality.loginEndToEnd@17c68925]" name="checkButton" duration-ms="144" started-at="2016-02-22T23:52:02Z" finished-at="2016-02-22T23:52:02Z">
          <reporter-output>
          </reporter-output>
        </test-method> <!-- checkButton -->
        <test-method status="PASS" signature="loginBank()[pri:2, instance:loginFunctionality.loginEndToEnd@17c68925]" name="loginBank" duration-ms="546" started-at="2016-02-22T23:52:02Z" finished-at="2016-02-22T23:52:03Z">
          <reporter-output>
          </reporter-output>
        </test-method> <!-- loginBank -->
        <test-method status="PASS" signature="loginButton()[pri:3, instance:loginFunctionality.loginEndToEnd@17c68925]" name="loginButton" duration-ms="359" started-at="2016-02-22T23:52:03Z" finished-at="2016-02-22T23:52:03Z">
          <reporter-output>
          </reporter-output>
        </test-method> <!-- loginButton -->
        <test-method status="FAIL" signature="closeBrowser()[pri:0, instance:loginFunctionality.loginEndToEnd@17c68925]" name="closeBrowser" is-config="true" duration-ms="0" started-at="2016-02-22T23:52:03Z" finished-at="2016-02-22T23:52:03Z">
          <exception class="org.openqa.selenium.UnhandledAlertException">
            <message>
              <![CDATA[Unexpected modal dialog (text: User or Password is not valid): User or Password is not valid
Build info: version: '2.50.1', revision: 'd7fc91b', time: '2016-01-29 19:04:49'
System info: host: 'Rahuls-MacBook-Pro.local', ip: '192.168.1.6', os.name: 'Mac OS X', os.arch: 'x86_64', os.version: '10.11.3', java.version: '1.8.0_65'
Driver info: org.openqa.selenium.firefox.FirefoxDriver
Capabilities [{applicationCacheEnabled=true, rotatable=false, handlesAlerts=true, databaseEnabled=true, version=44.0.2, platform=MAC, nativeEvents=false, acceptSslCerts=true, webStorageEnabled=true, locationContextEnabled=true, browserName=firefox, takesScreenshot=true, javascriptEnabled=true, cssSelectorsEnabled=true}]
Session ID: 0c09e273-e99f-2941-9f98-886b0e48675c]]>
            </message>
            <full-stacktrace>
              <![CDATA[org.openqa.selenium.UnhandledAlertException: Unexpected modal dialog (text: User or Password is not valid): User or Password is not valid
Build info: version: '2.50.1', revision: 'd7fc91b', time: '2016-01-29 19:04:49'
System info: host: 'Rahuls-MacBook-Pro.local', ip: '192.168.1.6', os.name: 'Mac OS X', os.arch: 'x86_64', os.version: '10.11.3', java.version: '1.8.0_65'
Driver info: org.openqa.selenium.firefox.FirefoxDriver
Capabilities [{applicationCacheEnabled=true, rotatable=false, handlesAlerts=true, databaseEnabled=true, version=44.0.2, platform=MAC, nativeEvents=false, acceptSslCerts=true, webStorageEnabled=true, locationContextEnabled=true, browserName=firefox, takesScreenshot=true, javascriptEnabled=true, cssSelectorsEnabled=true}]
Session ID: 0c09e273-e99f-2941-9f98-886b0e48675c
	at sun.reflect.NativeConstructorAccessorImpl.newInstance0(Native Method)
	at sun.reflect.NativeConstructorAccessorImpl.newInstance(NativeConstructorAccessorImpl.java:62)
	at sun.reflect.DelegatingConstructorAccessorImpl.newInstance(DelegatingConstructorAccessorImpl.java:45)
	at java.lang.reflect.Constructor.newInstance(Constructor.java:422)
	at org.openqa.selenium.remote.ErrorHandler.createThrowable(ErrorHandler.java:206)
	at org.openqa.selenium.remote.ErrorHandler.createUnhandledAlertException(ErrorHandler.java:187)
	at org.openqa.selenium.remote.ErrorHandler.throwIfResponseFailed(ErrorHandler.java:154)
	at org.openqa.selenium.remote.RemoteWebDriver.execute(RemoteWebDriver.java:678)
	at org.openqa.selenium.remote.RemoteWebDriver.execute(RemoteWebDriver.java:701)
	at org.openqa.selenium.remote.RemoteWebDriver.close(RemoteWebDriver.java:521)
	at loginFunctionality.loginEndToEnd.closeBrowser(loginEndToEnd.java:84)
	at sun.reflect.NativeMethodAccessorImpl.invoke0(Native Method)
	at sun.reflect.NativeMethodAccessorImpl.invoke(NativeMethodAccessorImpl.java:62)
	at sun.reflect.DelegatingMethodAccessorImpl.invoke(DelegatingMethodAccessorImpl.java:43)
	at java.lang.reflect.Method.invoke(Method.java:497)
	at org.testng.internal.MethodInvocationHelper.invokeMethod(MethodInvocationHelper.java:85)
	at org.testng.internal.Invoker.invokeConfigurationMethod(Invoker.java:510)
	at org.testng.internal.Invoker.invokeConfigurations(Invoker.java:211)
	at org.testng.internal.Invoker.invokeConfigurations(Invoker.java:138)
	at org.testng.TestRunner.afterRun(TestRunner.java:1023)
	at org.testng.TestRunner.run(TestRunner.java:628)
	at org.testng.SuiteRunner.runTest(SuiteRunner.java:359)
	at org.testng.SuiteRunner.runSequentially(SuiteRunner.java:354)
	at org.testng.SuiteRunner.privateRun(SuiteRunner.java:312)
	at org.testng.SuiteRunner.run(SuiteRunner.java:261)
	at org.testng.SuiteRunnerWorker.runSuite(SuiteRunnerWorker.java:52)
	at org.testng.SuiteRunnerWorker.run(SuiteRunnerWorker.java:86)
	at org.testng.TestNG.runSuitesSequentially(TestNG.java:1215)
	at org.testng.TestNG.runSuitesLocally(TestNG.java:1140)
	at org.testng.TestNG.run(TestNG.java:1048)
	at org.testng.remote.RemoteTestNG.run(RemoteTestNG.java:112)
	at org.testng.remote.RemoteTestNG.initAndRun(RemoteTestNG.java:205)
	at org.testng.remote.RemoteTestNG.main(RemoteTestNG.java:176)
]]>
            </full-stacktrace>
          </exception> <!-- org.openqa.selenium.UnhandledAlertException -->
          <reporter-output>
          </reporter-output>
        </test-method> <!-- closeBrowser -->
      </class> <!-- loginFunctionality.loginEndToEnd -->
    </test> <!-- Default test -->
  </suite> <!-- Default suite -->
</testng-results>
